CRITICAL - 2020-04-30 11:06:01 --> Invalid file: {0}
#0 C:\Users\davidkazad\PhpstormProjects\ID23Pay\system\View\View.php(224): CodeIgniter\Exceptions\FrameworkException::forInvalidFile('index2.php')
#1 C:\Users\davidkazad\PhpstormProjects\ID23Pay\system\Common.php(1071): CodeIgniter\View\View->render('index2', Array, true)
#2 C:\Users\davidkazad\PhpstormProjects\ID23Pay\app\Controllers\Home.php(8): view('index2')
#3 C:\Users\davidkazad\PhpstormProjects\ID23Pay\system\CodeIgniter.php(910): App\Controllers\Home->index()
#4 C:\Users\davidkazad\PhpstormProjects\ID23Pay\system\CodeIgniter.php(398): CodeIgniter\CodeIgniter->runController(Object(App\Controllers\Home))
#5 C:\Users\davidkazad\PhpstormProjects\ID23Pay\system\CodeIgniter.php(306): CodeIgniter\CodeIgniter->handleRequest(NULL, Object(Config\Cache), false)
#6 C:\Users\davidkazad\PhpstormProjects\ID23Pay\public\index.php(51): CodeIgniter\CodeIgniter->run()
#7 C:\Users\davidkazad\PhpstormProjects\ID23Pay\system\Commands\Server\rewrite.php(34): require_once('C:\\Users\\davidk...')
#8 {main}
CRITICAL - 2020-04-30 11:07:08 --> Invalid file: {0}
#0 C:\Users\davidkazad\PhpstormProjects\ID23Pay\system\View\View.php(224): CodeIgniter\Exceptions\FrameworkException::forInvalidFile('index2.php')
#1 C:\Users\davidkazad\PhpstormProjects\ID23Pay\system\Common.php(1071): CodeIgniter\View\View->render('index2', Array, true)
#2 C:\Users\davidkazad\PhpstormProjects\ID23Pay\app\Controllers\Home.php(8): view('index2')
#3 C:\Users\davidkazad\PhpstormProjects\ID23Pay\system\CodeIgniter.php(910): App\Controllers\Home->index()
#4 C:\Users\davidkazad\PhpstormProjects\ID23Pay\system\CodeIgniter.php(398): CodeIgniter\CodeIgniter->runController(Object(App\Controllers\Home))
#5 C:\Users\davidkazad\PhpstormProjects\ID23Pay\system\CodeIgniter.php(306): CodeIgniter\CodeIgniter->handleRequest(NULL, Object(Config\Cache), false)
#6 C:\Users\davidkazad\PhpstormProjects\ID23Pay\public\index.php(51): CodeIgniter\CodeIgniter->run()
#7 C:\Users\davidkazad\PhpstormProjects\ID23Pay\system\Commands\Server\rewrite.php(34): require_once('C:\\Users\\davidk...')
#8 {main}
CRITICAL - 2020-04-30 11:08:57 --> Invalid file: {0}
#0 C:\Users\davidkazad\PhpstormProjects\ID23Pay\system\View\View.php(224): CodeIgniter\Exceptions\FrameworkException::forInvalidFile('index2.php')
#1 C:\Users\davidkazad\PhpstormProjects\ID23Pay\system\Common.php(1071): CodeIgniter\View\View->render('index2', Array, true)
#2 C:\Users\davidkazad\PhpstormProjects\ID23Pay\app\Controllers\Home.php(8): view('index2')
#3 C:\Users\davidkazad\PhpstormProjects\ID23Pay\system\CodeIgniter.php(910): App\Controllers\Home->index()
#4 C:\Users\davidkazad\PhpstormProjects\ID23Pay\system\CodeIgniter.php(398): CodeIgniter\CodeIgniter->runController(Object(App\Controllers\Home))
#5 C:\Users\davidkazad\PhpstormProjects\ID23Pay\system\CodeIgniter.php(306): CodeIgniter\CodeIgniter->handleRequest(NULL, Object(Config\Cache), false)
#6 C:\Users\davidkazad\PhpstormProjects\ID23Pay\public\index.php(51): CodeIgniter\CodeIgniter->run()
#7 C:\Users\davidkazad\PhpstormProjects\ID23Pay\system\Commands\Server\rewrite.php(34): require_once('C:\\Users\\davidk...')
#8 {main}
CRITICAL - 2020-04-30 11:12:36 --> Invalid file: {0}
#0 C:\Users\davidkazad\PhpstormProjects\ID23Pay\system\View\View.php(224): CodeIgniter\Exceptions\FrameworkException::forInvalidFile('index2.php')
#1 C:\Users\davidkazad\PhpstormProjects\ID23Pay\system\Common.php(1071): CodeIgniter\View\View->render('index2', Array, true)
#2 C:\Users\davidkazad\PhpstormProjects\ID23Pay\app\Controllers\Home.php(8): view('index2')
#3 C:\Users\davidkazad\PhpstormProjects\ID23Pay\system\CodeIgniter.php(910): App\Controllers\Home->index()
#4 C:\Users\davidkazad\PhpstormProjects\ID23Pay\system\CodeIgniter.php(398): CodeIgniter\CodeIgniter->runController(Object(App\Controllers\Home))
#5 C:\Users\davidkazad\PhpstormProjects\ID23Pay\system\CodeIgniter.php(306): CodeIgniter\CodeIgniter->handleRequest(NULL, Object(Config\Cache), false)
#6 C:\Users\davidkazad\PhpstormProjects\ID23Pay\public\index.php(46): CodeIgniter\CodeIgniter->run()
#7 C:\Users\davidkazad\PhpstormProjects\ID23Pay\system\Commands\Server\rewrite.php(34): require_once('C:\\Users\\davidk...')
#8 {main}
CRITICAL - 2020-04-30 15:43:18 --> Invalid file: {0}
#0 C:\Users\davidkazad\PhpstormProjects\ID23Pay\system\View\View.php(224): CodeIgniter\Exceptions\FrameworkException::forInvalidFile('checkout_view.p...')
#1 C:\Users\davidkazad\PhpstormProjects\ID23Pay\system\Common.php(1071): CodeIgniter\View\View->render('checkout_view', Array, true)
#2 C:\Users\davidkazad\PhpstormProjects\ID23Pay\app\Controllers\Checkout.php(6): view('checkout_view')
#3 C:\Users\davidkazad\PhpstormProjects\ID23Pay\system\CodeIgniter.php(910): App\Controllers\Checkout->index()
#4 C:\Users\davidkazad\PhpstormProjects\ID23Pay\system\CodeIgniter.php(398): CodeIgniter\CodeIgniter->runController(Object(App\Controllers\Checkout))
#5 C:\Users\davidkazad\PhpstormProjects\ID23Pay\system\CodeIgniter.php(306): CodeIgniter\CodeIgniter->handleRequest(NULL, Object(Config\Cache), false)
#6 C:\Users\davidkazad\PhpstormProjects\ID23Pay\public\index.php(46): CodeIgniter\CodeIgniter->run()
#7 C:\Users\davidkazad\PhpstormProjects\ID23Pay\system\Commands\Server\rewrite.php(34): require_once('C:\\Users\\davidk...')
#8 {main}
