CRITICAL - 2020-04-28 18:48:33 --> Invalid file: {0}
#0 C:\Users\davidkazad\PhpstormProjects\ID23Pay\system\View\View.php(224): CodeIgniter\Exceptions\FrameworkException::forInvalidFile('index2.php')
#1 C:\Users\davidkazad\PhpstormProjects\ID23Pay\system\Common.php(1071): CodeIgniter\View\View->render('index2', Array, true)
#2 C:\Users\davidkazad\PhpstormProjects\ID23Pay\app\Controllers\Home.php(8): view('index2')
#3 C:\Users\davidkazad\PhpstormProjects\ID23Pay\system\CodeIgniter.php(910): App\Controllers\Home->index()
#4 C:\Users\davidkazad\PhpstormProjects\ID23Pay\system\CodeIgniter.php(398): CodeIgniter\CodeIgniter->runController(Object(App\Controllers\Home))
#5 C:\Users\davidkazad\PhpstormProjects\ID23Pay\system\CodeIgniter.php(306): CodeIgniter\CodeIgniter->handleRequest(NULL, Object(Config\Cache), false)
#6 C:\Users\davidkazad\PhpstormProjects\ID23Pay\public\index.php(45): CodeIgniter\CodeIgniter->run()
#7 C:\Users\davidkazad\PhpstormProjects\ID23Pay\system\Commands\Server\rewrite.php(34): require_once('C:\\Users\\davidk...')
#8 {main}
CRITICAL - 2020-04-28 18:48:58 --> Invalid file: {0}
#0 C:\Users\davidkazad\PhpstormProjects\ID23Pay\system\View\View.php(224): CodeIgniter\Exceptions\FrameworkException::forInvalidFile('index2.php')
#1 C:\Users\davidkazad\PhpstormProjects\ID23Pay\system\Common.php(1071): CodeIgniter\View\View->render('index2', Array, true)
#2 C:\Users\davidkazad\PhpstormProjects\ID23Pay\app\Controllers\Home.php(8): view('index2')
#3 C:\Users\davidkazad\PhpstormProjects\ID23Pay\system\CodeIgniter.php(910): App\Controllers\Home->index()
#4 C:\Users\davidkazad\PhpstormProjects\ID23Pay\system\CodeIgniter.php(398): CodeIgniter\CodeIgniter->runController(Object(App\Controllers\Home))
#5 C:\Users\davidkazad\PhpstormProjects\ID23Pay\system\CodeIgniter.php(306): CodeIgniter\CodeIgniter->handleRequest(NULL, Object(Config\Cache), false)
#6 C:\Users\davidkazad\PhpstormProjects\ID23Pay\public\index.php(45): CodeIgniter\CodeIgniter->run()
#7 C:\Users\davidkazad\PhpstormProjects\ID23Pay\system\Commands\Server\rewrite.php(34): require_once('C:\\Users\\davidk...')
#8 {main}
CRITICAL - 2020-04-28 18:49:14 --> No connection could be made because the target machine actively refused it.

#0 C:\Users\davidkazad\PhpstormProjects\ID23Pay\system\Database\BaseConnection.php(377): CodeIgniter\Database\MySQLi\Connection->connect(false)
#1 C:\Users\davidkazad\PhpstormProjects\ID23Pay\system\Database\BaseConnection.php(643): CodeIgniter\Database\BaseConnection->initialize()
#2 C:\Users\davidkazad\PhpstormProjects\ID23Pay\system\Database\BaseBuilder.php(1819): CodeIgniter\Database\BaseConnection->query('SELECT *\nFROM `...', Array, false)
#3 C:\Users\davidkazad\PhpstormProjects\ID23Pay\system\Model.php(445): CodeIgniter\Database\BaseBuilder->get()
#4 C:\Users\davidkazad\PhpstormProjects\ID23Pay\app\Controllers\Students.php(15): CodeIgniter\Model->findAll()
#5 C:\Users\davidkazad\PhpstormProjects\ID23Pay\system\CodeIgniter.php(910): App\Controllers\Students->index()
#6 C:\Users\davidkazad\PhpstormProjects\ID23Pay\system\CodeIgniter.php(398): CodeIgniter\CodeIgniter->runController(Object(App\Controllers\Students))
#7 C:\Users\davidkazad\PhpstormProjects\ID23Pay\system\CodeIgniter.php(306): CodeIgniter\CodeIgniter->handleRequest(NULL, Object(Config\Cache), false)
#8 C:\Users\davidkazad\PhpstormProjects\ID23Pay\public\index.php(45): CodeIgniter\CodeIgniter->run()
#9 C:\Users\davidkazad\PhpstormProjects\ID23Pay\system\Commands\Server\rewrite.php(34): require_once('C:\\Users\\davidk...')
#10 {main}
CRITICAL - 2020-04-28 18:49:26 --> Invalid file: {0}
#0 C:\Users\davidkazad\PhpstormProjects\ID23Pay\system\View\View.php(224): CodeIgniter\Exceptions\FrameworkException::forInvalidFile('index2.php')
#1 C:\Users\davidkazad\PhpstormProjects\ID23Pay\system\Common.php(1071): CodeIgniter\View\View->render('index2', Array, true)
#2 C:\Users\davidkazad\PhpstormProjects\ID23Pay\app\Controllers\Home.php(8): view('index2')
#3 C:\Users\davidkazad\PhpstormProjects\ID23Pay\system\CodeIgniter.php(910): App\Controllers\Home->index()
#4 C:\Users\davidkazad\PhpstormProjects\ID23Pay\system\CodeIgniter.php(398): CodeIgniter\CodeIgniter->runController(Object(App\Controllers\Home))
#5 C:\Users\davidkazad\PhpstormProjects\ID23Pay\system\CodeIgniter.php(306): CodeIgniter\CodeIgniter->handleRequest(NULL, Object(Config\Cache), false)
#6 C:\Users\davidkazad\PhpstormProjects\ID23Pay\public\index.php(45): CodeIgniter\CodeIgniter->run()
#7 C:\Users\davidkazad\PhpstormProjects\ID23Pay\system\Commands\Server\rewrite.php(34): require_once('C:\\Users\\davidk...')
#8 {main}
CRITICAL - 2020-04-28 18:52:33 --> Invalid file: {0}
#0 C:\Users\davidkazad\PhpstormProjects\ID23Pay\system\View\View.php(224): CodeIgniter\Exceptions\FrameworkException::forInvalidFile('index2.php')
#1 C:\Users\davidkazad\PhpstormProjects\ID23Pay\system\Common.php(1071): CodeIgniter\View\View->render('index2', Array, true)
#2 C:\Users\davidkazad\PhpstormProjects\ID23Pay\app\Controllers\Home.php(8): view('index2')
#3 C:\Users\davidkazad\PhpstormProjects\ID23Pay\system\CodeIgniter.php(910): App\Controllers\Home->index()
#4 C:\Users\davidkazad\PhpstormProjects\ID23Pay\system\CodeIgniter.php(398): CodeIgniter\CodeIgniter->runController(Object(App\Controllers\Home))
#5 C:\Users\davidkazad\PhpstormProjects\ID23Pay\system\CodeIgniter.php(306): CodeIgniter\CodeIgniter->handleRequest(NULL, Object(Config\Cache), false)
#6 C:\Users\davidkazad\PhpstormProjects\ID23Pay\public\index.php(45): CodeIgniter\CodeIgniter->run()
#7 C:\Users\davidkazad\PhpstormProjects\ID23Pay\system\Commands\Server\rewrite.php(34): require_once('C:\\Users\\davidk...')
#8 {main}
CRITICAL - 2020-04-28 18:52:38 --> Invalid file: {0}
#0 C:\Users\davidkazad\PhpstormProjects\ID23Pay\system\View\View.php(224): CodeIgniter\Exceptions\FrameworkException::forInvalidFile('index2.php')
#1 C:\Users\davidkazad\PhpstormProjects\ID23Pay\system\Common.php(1071): CodeIgniter\View\View->render('index2', Array, true)
#2 C:\Users\davidkazad\PhpstormProjects\ID23Pay\app\Controllers\Home.php(8): view('index2')
#3 C:\Users\davidkazad\PhpstormProjects\ID23Pay\system\CodeIgniter.php(910): App\Controllers\Home->index()
#4 C:\Users\davidkazad\PhpstormProjects\ID23Pay\system\CodeIgniter.php(398): CodeIgniter\CodeIgniter->runController(Object(App\Controllers\Home))
#5 C:\Users\davidkazad\PhpstormProjects\ID23Pay\system\CodeIgniter.php(306): CodeIgniter\CodeIgniter->handleRequest(NULL, Object(Config\Cache), false)
#6 C:\Users\davidkazad\PhpstormProjects\ID23Pay\public\index.php(45): CodeIgniter\CodeIgniter->run()
#7 C:\Users\davidkazad\PhpstormProjects\ID23Pay\system\Commands\Server\rewrite.php(34): require_once('C:\\Users\\davidk...')
#8 {main}
CRITICAL - 2020-04-28 18:53:10 --> Invalid file: {0}
#0 C:\Users\davidkazad\PhpstormProjects\ID23Pay\system\View\View.php(224): CodeIgniter\Exceptions\FrameworkException::forInvalidFile('index2.php')
#1 C:\Users\davidkazad\PhpstormProjects\ID23Pay\system\Common.php(1071): CodeIgniter\View\View->render('index2', Array, true)
#2 C:\Users\davidkazad\PhpstormProjects\ID23Pay\app\Controllers\Home.php(8): view('index2')
#3 C:\Users\davidkazad\PhpstormProjects\ID23Pay\system\CodeIgniter.php(910): App\Controllers\Home->index()
#4 C:\Users\davidkazad\PhpstormProjects\ID23Pay\system\CodeIgniter.php(398): CodeIgniter\CodeIgniter->runController(Object(App\Controllers\Home))
#5 C:\Users\davidkazad\PhpstormProjects\ID23Pay\system\CodeIgniter.php(306): CodeIgniter\CodeIgniter->handleRequest(NULL, Object(Config\Cache), false)
#6 C:\Users\davidkazad\PhpstormProjects\ID23Pay\public\index.php(45): CodeIgniter\CodeIgniter->run()
#7 C:\Users\davidkazad\PhpstormProjects\ID23Pay\system\Commands\Server\rewrite.php(34): require_once('C:\\Users\\davidk...')
#8 {main}
